[2020-09-04 14:15:48 INFO  AplicacionCTL:35] - [Iniciando el controlador metodo: init ].............
[2020-09-04 14:15:48 INFO  FrontController:49] - [Iniciando el controlador metodo: init ].............
[2020-09-04 14:15:48 INFO  GeneracionOrdenPagoCTL:35] - [Iniciando el controlador metodo: init ].............
[2020-09-04 14:15:48 INFO  PlanCuentaCTL:56] - [Iniciando el controlador metodo: init ].............
[2020-09-04 14:28:54 INFO  AplicacionCTL:35] - [Iniciando el controlador metodo: init ].............
[2020-09-04 14:28:54 INFO  FrontController:49] - [Iniciando el controlador metodo: init ].............
[2020-09-04 14:28:54 INFO  GeneracionOrdenPagoCTL:35] - [Iniciando el controlador metodo: init ].............
[2020-09-04 14:28:54 INFO  PlanCuentaCTL:56] - [Iniciando el controlador metodo: init ].............
[2020-09-04 14:30:05 INFO  FrontController:54] - [Llamado al metodo index ] --> 
[2020-09-04 14:30:27 INFO  FrontController:106] - [Llamado al metodo userForm ] --> 
[2020-09-04 14:30:27 INFO  FrontController:94] - [Llamado al metodo baseAttributerForUserForm ] --> 
[2020-09-04 14:30:30 INFO  PlanCuentaCTL:62] - [Llamado al metodo irPlanCuenta ] --> 
[2020-09-04 14:30:30 INFO  PlanCuentaCTL:165] - [Llamado al metodo loadData ] --> 
[2020-09-04 14:30:46 INFO  FrontController:54] - [Llamado al metodo index ] --> 
[2020-09-04 14:31:00 INFO  FrontController:106] - [Llamado al metodo userForm ] --> 
[2020-09-04 14:31:00 INFO  FrontController:94] - [Llamado al metodo baseAttributerForUserForm ] --> 
[2020-09-04 14:38:22 INFO  AplicacionCTL:35] - [Iniciando el controlador metodo: init ].............
[2020-09-04 14:38:22 INFO  FrontController:49] - [Iniciando el controlador metodo: init ].............
[2020-09-04 14:38:22 INFO  GeneracionOrdenPagoCTL:35] - [Iniciando el controlador metodo: init ].............
[2020-09-04 14:38:22 INFO  PlanCuentaCTL:56] - [Iniciando el controlador metodo: init ].............
[2020-09-04 14:42:47 INFO  AplicacionCTL:35] - [Iniciando el controlador metodo: init ].............
[2020-09-04 14:42:47 INFO  AutenticaciónACL:49] - [Iniciando el controlador metodo: init ].............
[2020-09-04 14:42:47 INFO  GeneracionOrdenPagoCTL:35] - [Iniciando el controlador metodo: init ].............
[2020-09-04 14:42:47 INFO  PlanCuentaCTL:56] - [Iniciando el controlador metodo: init ].............
[2020-09-04 14:46:02 INFO  AplicacionCTL:35] - [Iniciando el controlador metodo: init ].............
[2020-09-04 14:46:02 INFO  AutenticaciónACL:50] - [Iniciando el controlador metodo: init ].............
[2020-09-04 14:46:02 INFO  GeneracionOrdenPagoCTL:35] - [Iniciando el controlador metodo: init ].............
[2020-09-04 14:46:02 INFO  PlanCuentaCTL:56] - [Iniciando el controlador metodo: init ].............
[2020-09-04 14:48:53 INFO  AutenticaciónACL:55] - [Llamado al metodo index ] --> 
[2020-09-04 14:48:53 INFO  AutenticaciónACL:55] - [Llamado al metodo index ] --> 
[2020-09-04 14:49:10 INFO  AutenticaciónACL:107] - [Llamado al metodo userForm ] --> 
[2020-09-04 14:49:10 INFO  AutenticaciónACL:95] - [Llamado al metodo baseAttributerForUserForm ] --> 
[2020-09-04 14:52:12 INFO  AplicacionCTL:35] - [Iniciando el controlador metodo: init ].............
[2020-09-04 14:52:12 INFO  AutenticaciónACL:50] - [Iniciando el controlador metodo: init ].............
[2020-09-04 14:52:12 INFO  GeneracionOrdenPagoCTL:35] - [Iniciando el controlador metodo: init ].............
[2020-09-04 14:52:12 INFO  PlanCuentaCTL:56] - [Iniciando el controlador metodo: init ].............
[2020-09-04 14:56:37 INFO  AutenticaciónACL:55] - [Llamado al metodo index ] --> 
[2020-09-04 14:56:37 INFO  AutenticaciónACL:55] - [Llamado al metodo index ] --> 
[2020-09-04 14:56:38 INFO  AutenticaciónACL:107] - [Llamado al metodo userForm ] --> 
[2020-09-04 14:56:38 INFO  AutenticaciónACL:95] - [Llamado al metodo baseAttributerForUserForm ] --> 
[2020-09-04 15:05:04 INFO  AutenticaciónACL:107] - [Llamado al metodo userForm ] --> 
[2020-09-04 15:05:04 INFO  AutenticaciónACL:95] - [Llamado al metodo baseAttributerForUserForm ] --> 
[2020-09-04 15:05:06 INFO  AutenticaciónACL:107] - [Llamado al metodo userForm ] --> 
[2020-09-04 15:05:06 INFO  AutenticaciónACL:95] - [Llamado al metodo baseAttributerForUserForm ] --> 
[2020-09-04 15:05:26 INFO  AutenticaciónACL:107] - [Llamado al metodo userForm ] --> 
[2020-09-04 15:05:26 INFO  AutenticaciónACL:95] - [Llamado al metodo baseAttributerForUserForm ] --> 
[2020-09-04 15:05:46 INFO  AutenticaciónACL:107] - [Llamado al metodo userForm ] --> 
[2020-09-04 15:05:46 INFO  AutenticaciónACL:95] - [Llamado al metodo baseAttributerForUserForm ] --> 
[2020-09-04 15:05:49 INFO  AutenticaciónACL:107] - [Llamado al metodo userForm ] --> 
[2020-09-04 15:05:49 INFO  AutenticaciónACL:95] - [Llamado al metodo baseAttributerForUserForm ] --> 
[2020-09-04 15:06:16 INFO  AutenticaciónACL:107] - [Llamado al metodo userForm ] --> 
[2020-09-04 15:06:16 INFO  AutenticaciónACL:95] - [Llamado al metodo baseAttributerForUserForm ] --> 
[2020-09-04 15:06:19 INFO  AutenticaciónACL:107] - [Llamado al metodo userForm ] --> 
[2020-09-04 15:06:19 INFO  AutenticaciónACL:95] - [Llamado al metodo baseAttributerForUserForm ] --> 
[2020-09-04 15:08:04 INFO  AutenticaciónACL:55] - [Llamado al metodo index ] --> 
[2020-09-04 15:08:05 INFO  AutenticaciónACL:107] - [Llamado al metodo userForm ] --> 
[2020-09-04 15:08:05 INFO  AutenticaciónACL:95] - [Llamado al metodo baseAttributerForUserForm ] --> 
[2020-09-04 15:08:30 INFO  AutenticaciónACL:107] - [Llamado al metodo userForm ] --> 
[2020-09-04 15:08:30 INFO  AutenticaciónACL:95] - [Llamado al metodo baseAttributerForUserForm ] --> 
[2020-09-04 15:08:39 INFO  AutenticaciónACL:107] - [Llamado al metodo userForm ] --> 
[2020-09-04 15:08:39 INFO  AutenticaciónACL:95] - [Llamado al metodo baseAttributerForUserForm ] --> 
[2020-09-04 15:08:47 INFO  AutenticaciónACL:107] - [Llamado al metodo userForm ] --> 
[2020-09-04 15:08:47 INFO  AutenticaciónACL:95] - [Llamado al metodo baseAttributerForUserForm ] --> 
[2020-09-04 15:09:04 INFO  AutenticaciónACL:107] - [Llamado al metodo userForm ] --> 
[2020-09-04 15:09:04 INFO  AutenticaciónACL:95] - [Llamado al metodo baseAttributerForUserForm ] --> 
[2020-09-04 15:09:29 INFO  AutenticaciónACL:107] - [Llamado al metodo userForm ] --> 
[2020-09-04 15:09:29 INFO  AutenticaciónACL:95] - [Llamado al metodo baseAttributerForUserForm ] --> 
[2020-09-04 15:13:05 INFO  AplicacionCTL:35] - [Iniciando el controlador metodo: init ].............
[2020-09-04 15:13:05 INFO  AutenticaciónACL:50] - [Iniciando el controlador metodo: init ].............
[2020-09-04 15:13:05 INFO  GeneracionOrdenPagoCTL:35] - [Iniciando el controlador metodo: init ].............
[2020-09-04 15:13:05 INFO  PlanCuentaCTL:56] - [Iniciando el controlador metodo: init ].............
[2020-09-04 15:13:09 INFO  AutenticaciónACL:55] - [Llamado al metodo index ] --> 
[2020-09-04 15:13:31 INFO  AutenticaciónACL:107] - [Llamado al metodo userForm ] --> 
[2020-09-04 15:13:31 INFO  AutenticaciónACL:95] - [Llamado al metodo baseAttributerForUserForm ] --> 
[2020-09-04 15:30:40 INFO  AutenticaciónACL:55] - [Llamado al metodo index ] --> 
[2020-09-04 15:30:45 INFO  AutenticaciónACL:107] - [Llamado al metodo userForm ] --> 
[2020-09-04 15:30:45 INFO  AutenticaciónACL:95] - [Llamado al metodo baseAttributerForUserForm ] --> 
[2020-09-04 15:30:49 INFO  AutenticaciónACL:55] - [Llamado al metodo index ] --> 
[2020-09-04 15:30:51 INFO  AutenticaciónACL:107] - [Llamado al metodo userForm ] --> 
[2020-09-04 15:30:51 INFO  AutenticaciónACL:95] - [Llamado al metodo baseAttributerForUserForm ] --> 
[2020-09-04 15:32:33 INFO  AutenticaciónACL:107] - [Llamado al metodo userForm ] --> 
[2020-09-04 15:32:33 INFO  AutenticaciónACL:95] - [Llamado al metodo baseAttributerForUserForm ] --> 
[2020-09-04 15:32:37 INFO  AutenticaciónACL:107] - [Llamado al metodo userForm ] --> 
[2020-09-04 15:32:37 INFO  AutenticaciónACL:95] - [Llamado al metodo baseAttributerForUserForm ] --> 
[2020-09-04 15:45:09 INFO  A